2021-05-12 15:19:08.401  INFO 15 --- [main] c.l.lennoxpros.testcases.TestLead        : Starting TestLead v0.0.1-SNAPSHOT using Java 13-ea on c68ddce2ca20 with PID 15 (/lennoxpros/lennoxpros-0.0.1-SNAPSHOT-tests.jar started by root in /lennoxpros)
2021-05-12 15:19:08.430  INFO 15 --- [main] c.l.lennoxpros.testcases.TestLead        : The following profiles are active: remote
2021-05-12 15:19:09.035  INFO 15 --- [main] .s.d.r.c.RepositoryConfigurationDelegate : Bootstrapping Spring Data JPA repositories in DEFAULT mode.
2021-05-12 15:19:09.053  INFO 15 --- [main] .s.d.r.c.RepositoryConfigurationDelegate : Finished Spring Data repository scanning in 9 ms. Found 0 JPA repository interfaces.
2021-05-12 15:19:09.657  INFO 15 --- [main] com.zaxxer.hikari.HikariDataSource       : HikariPool-1 - Starting...
2021-05-12 15:19:09.809  INFO 15 --- [main] com.zaxxer.hikari.HikariDataSource       : HikariPool-1 - Start completed.
2021-05-12 15:19:09.877  INFO 15 --- [main] o.hibernate.jpa.internal.util.LogHelper  : HHH000204: Processing PersistenceUnitInfo [name: default]
2021-05-12 15:19:09.932  INFO 15 --- [main] org.hibernate.Version                    : HHH000412: Hibernate ORM core version 5.4.30.Final
2021-05-12 15:19:10.041  INFO 15 --- [main] o.hibernate.annotations.common.Version   : HCANN000001: Hibernate Commons Annotations {5.1.2.Final}
2021-05-12 15:19:10.194  INFO 15 --- [main] org.hibernate.dialect.Dialect            : HHH000400: Using dialect: org.hibernate.dialect.H2Dialect
2021-05-12 15:19:10.416  INFO 15 --- [main] o.h.e.t.j.p.i.JtaPlatformInitiator       : HHH000490: Using JtaPlatform implementation: [org.hibernate.engine.transaction.jta.platform.internal.NoJtaPlatform]
2021-05-12 15:19:10.425  INFO 15 --- [main] j.LocalContainerEntityManagerFactoryBean : Initialized JPA EntityManagerFactory for persistence unit 'default'
2021-05-12 15:19:10.689  WARN 15 --- [main] JpaBaseConfiguration$JpaWebConfiguration : spring.jpa.open-in-view is enabled by default. Therefore, database queries may be performed during view rendering. Explicitly configure spring.jpa.open-in-view to disable this warning
2021-05-12 15:19:11.404  INFO 15 --- [main] c.l.lennoxpros.testcases.TestLead        : Started TestLead in 3.3 seconds (JVM running for 4.419)
2021-05-12 15:19:11.407  INFO 15 --- [main] o.s.b.a.ApplicationAvailabilityBean      : Application availability state LivenessState changed to CORRECT
2021-05-12 15:19:11.409  INFO 15 --- [main] o.s.b.a.ApplicationAvailabilityBean      : Application availability state ReadinessState changed to ACCEPTING_TRAFFIC
2021-05-12 15:19:11.458  INFO 15 --- [main] org.openqa.selenium.Capabilities         : Using `new ChromeOptions()` is preferred to `DesiredCapabilities.chrome()`
2021-05-12 15:19:12.331  INFO 15 --- [Forwarding newSession on session null to remote] o.o.selenium.remote.ProtocolHandshake    : Detected dialect: W3C
2021-05-12 15:19:12.592  INFO 15 --- [main] Lennoxpros : Functional testing          : Starting to execute the method: createTestCase()............
2021-05-12 15:19:12.601  INFO 15 --- [main] Lennoxpros : Functional testing          : Method: createTestCase() is executed successfully............
2021-05-12 15:19:13.012  INFO 15 --- [main] Lennoxpros : Functional testing          : Starting to execute the method: createChildTestCase()............
2021-05-12 15:19:13.014  INFO 15 --- [main] Lennoxpros : Functional testing          : Method: createChildTestCase() is executed successfully............
2021-05-12 15:19:13.017  INFO 15 --- [main] Lennoxpros : Functional testing          : Starting to execute the method: homePage()............
2021-05-12 15:19:13.023  INFO 15 --- [main] Lennoxpros : Functional testing          : Starting to execute the method: launchWebsite()............
2021-05-12 15:19:19.787  INFO 15 --- [main] Lennoxpros : Functional testing          : Method: launchWebsite() is executed successfully............
2021-05-12 15:19:19.790  INFO 15 --- [main] Lennoxpros : Functional testing          : Starting to execute the method: hasItLoaded()............
2021-05-12 15:19:19.919  INFO 15 --- [main] Lennoxpros : Functional testing          : Method: hasItLoaded() is executed successfully............
2021-05-12 15:19:19.920  INFO 15 --- [main] Lennoxpros : Functional testing          : Starting to execute the method: goToSignInPage()............
2021-05-12 15:19:25.262  INFO 15 --- [main] Lennoxpros : Functional testing          : Method: goToSignInPage() is executed successfully............
2021-05-12 15:19:25.267  INFO 15 --- [main] Lennoxpros : Functional testing          : Method: homePage() is executed successfully............
2021-05-12 15:19:25.269  INFO 15 --- [main] Lennoxpros : Functional testing          : Starting to execute the method: signInPage()............
2021-05-12 15:19:25.271  INFO 15 --- [main] Lennoxpros : Functional testing          : Starting to execute the method: hasItLoaded()............
2021-05-12 15:19:25.719  INFO 15 --- [main] Lennoxpros : Functional testing          : Method: hasItLoaded() is executed successfully............
2021-05-12 15:19:25.721  INFO 15 --- [main] Lennoxpros : Functional testing          : Starting to execute the method: logIn()............
2021-05-12 15:19:30.094  INFO 15 --- [main] Lennoxpros : Functional testing          : Method: logIn() is executed successfully............
2021-05-12 15:19:30.097  INFO 15 --- [main] Lennoxpros : Functional testing          : Method: signInPage() is executed successfully............
2021-05-12 15:19:30.099  INFO 15 --- [main] Lennoxpros : Functional testing          : Starting to execute the method: welcomePage()............
2021-05-12 15:19:30.101  INFO 15 --- [main] Lennoxpros : Functional testing          : Starting to execute the method: hasItLoaded()............
2021-05-12 15:19:30.411  INFO 15 --- [main] Lennoxpros : Functional testing          : Method: hasItLoaded() is executed successfully............
2021-05-12 15:19:30.412  INFO 15 --- [main] Lennoxpros : Functional testing          : Starting to execute the method: fetchSignedInUser()............
2021-05-12 15:19:30.453  INFO 15 --- [main] Lennoxpros : Functional testing          : Method: fetchSignedInUser() is executed successfully............
2021-05-12 15:19:30.455  INFO 15 --- [main] Lennoxpros : Functional testing          : Starting to execute the method: fetchSignedInUser()............
2021-05-12 15:19:30.484  INFO 15 --- [main] Lennoxpros : Functional testing          : Method: fetchSignedInUser() is executed successfully............
2021-05-12 15:19:30.485  INFO 15 --- [main] Lennoxpros : Functional testing          : Starting to execute the method: buildProposal()............
2021-05-12 15:19:36.599  INFO 15 --- [main] Lennoxpros : Functional testing          : Method: buildProposal() is executed successfully............
2021-05-12 15:19:36.601  INFO 15 --- [main] Lennoxpros : Functional testing          : Method: welcomePage() is executed successfully............
2021-05-12 15:19:36.602  INFO 15 --- [main] Lennoxpros : Functional testing          : Starting to execute the method: leadsPage()............
2021-05-12 15:19:36.604  INFO 15 --- [main] Lennoxpros : Functional testing          : Starting to execute the method: hasItLoaded()............
2021-05-12 15:19:36.806  INFO 15 --- [main] Lennoxpros : Functional testing          : Method: hasItLoaded() is executed successfully............
2021-05-12 15:19:36.809  INFO 15 --- [main] Lennoxpros : Functional testing          : Starting to execute the method: addLead()............
2021-05-12 15:19:39.725  INFO 15 --- [main] Lennoxpros : Functional testing          : Method: addLead() is executed successfully............
2021-05-12 15:19:39.727  INFO 15 --- [main] Lennoxpros : Functional testing          : Method: leadsPage() is executed successfully............
2021-05-12 15:19:39.730  INFO 15 --- [main] Lennoxpros : Functional testing          : Starting to execute the method: addLeadsPage()............
2021-05-12 15:19:39.732  INFO 15 --- [main] Lennoxpros : Functional testing          : Starting to execute the method: hasItLoaded()............
2021-05-12 15:19:39.993  INFO 15 --- [main] Lennoxpros : Functional testing          : Method: hasItLoaded() is executed successfully............
2021-05-12 15:19:39.994  INFO 15 --- [main] Lennoxpros : Functional testing          : Starting to execute the method: saveAs()............
2021-05-12 15:19:39.997  INFO 15 --- [main] Lennoxpros : Functional testing          : Starting to execute the method: hasItLoaded()............
2021-05-12 15:19:40.255  INFO 15 --- [main] Lennoxpros : Functional testing          : Method: hasItLoaded() is executed successfully............
2021-05-12 15:19:40.257  INFO 15 --- [main] Lennoxpros : Functional testing          : Starting to execute the method: fillDetails()............
2021-05-12 15:19:40.832  INFO 15 --- [main] Lennoxpros : Functional testing          : Method: fillDetails() is executed successfully............
2021-05-12 15:19:40.835  INFO 15 --- [main] Lennoxpros : Functional testing          : Starting to execute the method: hasItLoaded()............
2021-05-12 15:19:41.026  INFO 15 --- [main] Lennoxpros : Functional testing          : Method: hasItLoaded() is executed successfully............
2021-05-12 15:19:41.028  INFO 15 --- [main] Lennoxpros : Functional testing          : Starting to execute the method: fillRequestDate()............
2021-05-12 15:19:42.948  INFO 15 --- [main] Lennoxpros : Functional testing          : Method: fillRequestDate() is executed successfully............
2021-05-12 15:19:42.950  INFO 15 --- [main] Lennoxpros : Functional testing          : Starting to execute the method: fillAppointmentDate()............
2021-05-12 15:19:44.596  INFO 15 --- [main] Lennoxpros : Functional testing          : Method: fillAppointmentDate() is executed successfully............
2021-05-12 15:19:44.598  INFO 15 --- [main] Lennoxpros : Functional testing          : Starting to execute the method: fillRequestTime()............
2021-05-12 15:19:44.798  INFO 15 --- [main] Lennoxpros : Functional testing          : Method: fillRequestTime() is executed successfully............
2021-05-12 15:19:44.800  INFO 15 --- [main] Lennoxpros : Functional testing          : Starting to execute the method: fillAppointmentTime()............
2021-05-12 15:19:45.019  INFO 15 --- [main] Lennoxpros : Functional testing          : Method: fillAppointmentTime() is executed successfully............
2021-05-12 15:19:45.021  INFO 15 --- [main] Lennoxpros : Functional testing          : Starting to execute the method: hasItLoaded()............
2021-05-12 15:19:45.232  INFO 15 --- [main] Lennoxpros : Functional testing          : Method: hasItLoaded() is executed successfully............
2021-05-12 15:19:45.236  INFO 15 --- [main] Lennoxpros : Functional testing          : Starting to execute the method: document()............
2021-05-12 15:19:46.021  INFO 15 --- [main] Lennoxpros : Functional testing          : Method: document() is executed successfully............
2021-05-12 15:19:46.022  INFO 15 --- [main] Lennoxpros : Functional testing          : Method: saveAs() is executed successfully............
2021-05-12 15:19:46.026  INFO 15 --- [main] Lennoxpros : Functional testing          : Starting to execute the method: saveLead()............
2021-05-12 15:20:06.565  INFO 15 --- [main] Lennoxpros : Functional testing          : Method: saveLead() is executed successfully............
2021-05-12 15:20:06.576  INFO 15 --- [main] Lennoxpros : Functional testing          : Starting to execute the method: saveAs()............
2021-05-12 15:20:06.783  INFO 15 --- [main] Lennoxpros : Functional testing          : Method: saveAs() is executed successfully............
2021-05-12 15:20:06.786  INFO 15 --- [main] Lennoxpros : Functional testing          : Starting to execute the method: goToWelcomePage()............
2021-05-12 15:20:08.755  INFO 15 --- [main] Lennoxpros : Functional testing          : Method: goToWelcomePage() is executed successfully............
2021-05-12 15:20:08.757  INFO 15 --- [main] Lennoxpros : Functional testing          : Method: addLeadsPage() is executed successfully............
2021-05-12 15:20:08.759  INFO 15 --- [main] Lennoxpros : Functional testing          : Starting to execute the method: welcomePage()............
2021-05-12 15:20:08.761  INFO 15 --- [main] Lennoxpros : Functional testing          : Starting to execute the method: logOut()............
2021-05-12 15:20:13.916  INFO 15 --- [main] Lennoxpros : Functional testing          : Method: logOut() is executed successfully............
2021-05-12 15:20:13.918  INFO 15 --- [main] Lennoxpros : Functional testing          : Method: welcomePage() is executed successfully............
2021-05-12 15:20:13.928  INFO 15 --- [main] Lennoxpros : Functional testing          : Starting to execute the method: writeContents()............
2021-05-12 15:20:14.283  INFO 15 --- [main] Lennoxpros : Functional testing          : Method: writeContents() is executed successfully............
2021-05-12 15:20:14.308  INFO 15 --- [main] Lennoxpros : Functional testing          : Starting to execute the method: createChildTestCase()............
2021-05-12 15:20:14.316  INFO 15 --- [main] Lennoxpros : Functional testing          : Method: createChildTestCase() is executed successfully............
2021-05-12 15:20:14.317  INFO 15 --- [main] Lennoxpros : Functional testing          : Starting to execute the method: homePage()............
2021-05-12 15:20:14.318  INFO 15 --- [main] Lennoxpros : Functional testing          : Starting to execute the method: launchWebsite()............
2021-05-12 15:20:16.066  INFO 15 --- [main] Lennoxpros : Functional testing          : Method: launchWebsite() is executed successfully............
2021-05-12 15:20:16.070  INFO 15 --- [main] Lennoxpros : Functional testing          : Starting to execute the method: hasItLoaded()............
2021-05-12 15:20:16.163  INFO 15 --- [main] Lennoxpros : Functional testing          : Method: hasItLoaded() is executed successfully............
2021-05-12 15:20:16.164  INFO 15 --- [main] Lennoxpros : Functional testing          : Starting to execute the method: goToSignInPage()............
2021-05-12 15:20:20.100  INFO 15 --- [main] Lennoxpros : Functional testing          : Method: goToSignInPage() is executed successfully............
2021-05-12 15:20:20.103  INFO 15 --- [main] Lennoxpros : Functional testing          : Method: homePage() is executed successfully............
2021-05-12 15:20:20.106  INFO 15 --- [main] Lennoxpros : Functional testing          : Starting to execute the method: signInPage()............
2021-05-12 15:20:20.108  INFO 15 --- [main] Lennoxpros : Functional testing          : Starting to execute the method: hasItLoaded()............
2021-05-12 15:20:20.507  INFO 15 --- [main] Lennoxpros : Functional testing          : Method: hasItLoaded() is executed successfully............
2021-05-12 15:20:20.509  INFO 15 --- [main] Lennoxpros : Functional testing          : Starting to execute the method: logIn()............
2021-05-12 15:20:22.276  INFO 15 --- [main] Lennoxpros : Functional testing          : Method: logIn() is executed successfully............
2021-05-12 15:20:22.278  INFO 15 --- [main] Lennoxpros : Functional testing          : Method: signInPage() is executed successfully............
2021-05-12 15:20:22.280  INFO 15 --- [main] Lennoxpros : Functional testing          : Starting to execute the method: welcomePage()............
2021-05-12 15:20:22.282  INFO 15 --- [main] Lennoxpros : Functional testing          : Starting to execute the method: hasItLoaded()............
2021-05-12 15:20:24.366  INFO 15 --- [main] Lennoxpros : Functional testing          : Method: hasItLoaded() is executed successfully............
2021-05-12 15:20:24.368  INFO 15 --- [main] Lennoxpros : Functional testing          : Starting to execute the method: fetchSignedInUser()............
2021-05-12 15:20:24.407  INFO 15 --- [main] Lennoxpros : Functional testing          : Method: fetchSignedInUser() is executed successfully............
2021-05-12 15:20:24.409  INFO 15 --- [main] Lennoxpros : Functional testing          : Starting to execute the method: fetchSignedInUser()............
2021-05-12 15:20:24.435  INFO 15 --- [main] Lennoxpros : Functional testing          : Method: fetchSignedInUser() is executed successfully............
2021-05-12 15:20:24.437  INFO 15 --- [main] Lennoxpros : Functional testing          : Starting to execute the method: buildProposal()............
2021-05-12 15:20:27.036  INFO 15 --- [main] Lennoxpros : Functional testing          : Method: buildProposal() is executed successfully............
2021-05-12 15:20:27.037  INFO 15 --- [main] Lennoxpros : Functional testing          : Method: welcomePage() is executed successfully............
2021-05-12 15:20:27.039  INFO 15 --- [main] Lennoxpros : Functional testing          : Starting to execute the method: leadsPage()............
2021-05-12 15:20:27.040  INFO 15 --- [main] Lennoxpros : Functional testing          : Starting to execute the method: hasItLoaded()............
2021-05-12 15:20:27.208  INFO 15 --- [main] Lennoxpros : Functional testing          : Method: hasItLoaded() is executed successfully............
2021-05-12 15:20:27.210  INFO 15 --- [main] Lennoxpros : Functional testing          : Starting to execute the method: addLead()............
2021-05-12 15:20:30.367  INFO 15 --- [main] Lennoxpros : Functional testing          : Method: addLead() is executed successfully............
2021-05-12 15:20:30.370  INFO 15 --- [main] Lennoxpros : Functional testing          : Method: leadsPage() is executed successfully............
2021-05-12 15:20:30.371  INFO 15 --- [main] Lennoxpros : Functional testing          : Starting to execute the method: addLeadsPage()............
2021-05-12 15:20:30.373  INFO 15 --- [main] Lennoxpros : Functional testing          : Starting to execute the method: hasItLoaded()............
2021-05-12 15:20:30.577  INFO 15 --- [main] Lennoxpros : Functional testing          : Method: hasItLoaded() is executed successfully............
2021-05-12 15:20:30.579  INFO 15 --- [main] Lennoxpros : Functional testing          : Starting to execute the method: saveAs()............
2021-05-12 15:20:30.581  INFO 15 --- [main] Lennoxpros : Functional testing          : Starting to execute the method: hasItLoaded()............
2021-05-12 15:20:30.767  INFO 15 --- [main] Lennoxpros : Functional testing          : Method: hasItLoaded() is executed successfully............
2021-05-12 15:20:30.768  INFO 15 --- [main] Lennoxpros : Functional testing          : Starting to execute the method: fillDetails()............
2021-05-12 15:20:31.317  INFO 15 --- [main] Lennoxpros : Functional testing          : Method: fillDetails() is executed successfully............
2021-05-12 15:20:31.318  INFO 15 --- [main] Lennoxpros : Functional testing          : Starting to execute the method: hasItLoaded()............
2021-05-12 15:20:31.548  INFO 15 --- [main] Lennoxpros : Functional testing          : Method: hasItLoaded() is executed successfully............
2021-05-12 15:20:31.550  INFO 15 --- [main] Lennoxpros : Functional testing          : Starting to execute the method: fillRequestDate()............
2021-05-12 15:20:33.385  INFO 15 --- [main] Lennoxpros : Functional testing          : Method: fillRequestDate() is executed successfully............
2021-05-12 15:20:33.387  INFO 15 --- [main] Lennoxpros : Functional testing          : Starting to execute the method: fillAppointmentDate()............
2021-05-12 15:20:35.188  INFO 15 --- [main] Lennoxpros : Functional testing          : Method: fillAppointmentDate() is executed successfully............
2021-05-12 15:20:35.189  INFO 15 --- [main] Lennoxpros : Functional testing          : Starting to execute the method: fillRequestTime()............
2021-05-12 15:20:35.375  INFO 15 --- [main] Lennoxpros : Functional testing          : Method: fillRequestTime() is executed successfully............
2021-05-12 15:20:35.377  INFO 15 --- [main] Lennoxpros : Functional testing          : Starting to execute the method: fillAppointmentTime()............
2021-05-12 15:20:35.566  INFO 15 --- [main] Lennoxpros : Functional testing          : Method: fillAppointmentTime() is executed successfully............
2021-05-12 15:20:35.568  INFO 15 --- [main] Lennoxpros : Functional testing          : Starting to execute the method: hasItLoaded()............
2021-05-12 15:20:35.756  INFO 15 --- [main] Lennoxpros : Functional testing          : Method: hasItLoaded() is executed successfully............
2021-05-12 15:20:35.757  INFO 15 --- [main] Lennoxpros : Functional testing          : Starting to execute the method: image()............
2021-05-12 15:20:35.931  INFO 15 --- [main] Lennoxpros : Functional testing          : Method: image() is executed successfully............
2021-05-12 15:20:35.932  INFO 15 --- [main] Lennoxpros : Functional testing          : Method: saveAs() is executed successfully............
2021-05-12 15:20:35.934  INFO 15 --- [main] Lennoxpros : Functional testing          : Starting to execute the method: saveLead()............
2021-05-12 15:20:51.132  INFO 15 --- [main] Lennoxpros : Functional testing          : Method: saveLead() is executed successfully............
2021-05-12 15:20:51.135  INFO 15 --- [main] Lennoxpros : Functional testing          : Starting to execute the method: saveAs()............
2021-05-12 15:20:51.280  INFO 15 --- [main] Lennoxpros : Functional testing          : Method: saveAs() is executed successfully............
2021-05-12 15:20:51.281  INFO 15 --- [main] Lennoxpros : Functional testing          : Starting to execute the method: goToWelcomePage()............
2021-05-12 15:20:52.882  INFO 15 --- [main] Lennoxpros : Functional testing          : Method: goToWelcomePage() is executed successfully............
2021-05-12 15:20:52.884  INFO 15 --- [main] Lennoxpros : Functional testing          : Method: addLeadsPage() is executed successfully............
2021-05-12 15:20:52.885  INFO 15 --- [main] Lennoxpros : Functional testing          : Starting to execute the method: welcomePage()............
2021-05-12 15:20:52.887  INFO 15 --- [main] Lennoxpros : Functional testing          : Starting to execute the method: logOut()............
2021-05-12 15:20:58.022  INFO 15 --- [main] Lennoxpros : Functional testing          : Method: logOut() is executed successfully............
2021-05-12 15:20:58.024  INFO 15 --- [main] Lennoxpros : Functional testing          : Method: welcomePage() is executed successfully............
2021-05-12 15:20:58.033  INFO 15 --- [main] Lennoxpros : Functional testing          : Starting to execute the method: writeContents()............
2021-05-12 15:20:58.170  INFO 15 --- [main] Lennoxpros : Functional testing          : Method: writeContents() is executed successfully............
2021-05-12 15:20:58.181  INFO 15 --- [main] Lennoxpros : Functional testing          : Starting to execute the method: createChildTestCase()............
2021-05-12 15:20:58.183  INFO 15 --- [main] Lennoxpros : Functional testing          : Method: createChildTestCase() is executed successfully............
2021-05-12 15:20:58.184  INFO 15 --- [main] Lennoxpros : Functional testing          : Starting to execute the method: homePage()............
2021-05-12 15:20:58.185  INFO 15 --- [main] Lennoxpros : Functional testing          : Starting to execute the method: launchWebsite()............
2021-05-12 15:20:59.999  INFO 15 --- [main] Lennoxpros : Functional testing          : Method: launchWebsite() is executed successfully............
2021-05-12 15:21:00.002  INFO 15 --- [main] Lennoxpros : Functional testing          : Starting to execute the method: hasItLoaded()............
2021-05-12 15:21:00.093  INFO 15 --- [main] Lennoxpros : Functional testing          : Method: hasItLoaded() is executed successfully............
2021-05-12 15:21:00.094  INFO 15 --- [main] Lennoxpros : Functional testing          : Starting to execute the method: goToSignInPage()............
2021-05-12 15:21:03.651  INFO 15 --- [main] Lennoxpros : Functional testing          : Method: goToSignInPage() is executed successfully............
2021-05-12 15:21:03.652  INFO 15 --- [main] Lennoxpros : Functional testing          : Method: homePage() is executed successfully............
2021-05-12 15:21:03.653  INFO 15 --- [main] Lennoxpros : Functional testing          : Starting to execute the method: signInPage()............
2021-05-12 15:21:03.654  INFO 15 --- [main] Lennoxpros : Functional testing          : Starting to execute the method: hasItLoaded()............
2021-05-12 15:21:03.991  INFO 15 --- [main] Lennoxpros : Functional testing          : Method: hasItLoaded() is executed successfully............
2021-05-12 15:21:03.994  INFO 15 --- [main] Lennoxpros : Functional testing          : Starting to execute the method: logIn()............
2021-05-12 15:21:05.680  INFO 15 --- [main] Lennoxpros : Functional testing          : Method: logIn() is executed successfully............
2021-05-12 15:21:05.683  INFO 15 --- [main] Lennoxpros : Functional testing          : Method: signInPage() is executed successfully............
2021-05-12 15:21:05.686  INFO 15 --- [main] Lennoxpros : Functional testing          : Starting to execute the method: welcomePage()............
2021-05-12 15:21:05.689  INFO 15 --- [main] Lennoxpros : Functional testing          : Starting to execute the method: hasItLoaded()............
2021-05-12 15:21:08.087  INFO 15 --- [main] Lennoxpros : Functional testing          : Method: hasItLoaded() is executed successfully............
2021-05-12 15:21:08.089  INFO 15 --- [main] Lennoxpros : Functional testing          : Starting to execute the method: fetchSignedInUser()............
2021-05-12 15:21:08.140  INFO 15 --- [main] Lennoxpros : Functional testing          : Method: fetchSignedInUser() is executed successfully............
2021-05-12 15:21:08.142  INFO 15 --- [main] Lennoxpros : Functional testing          : Starting to execute the method: fetchSignedInUser()............
2021-05-12 15:21:08.169  INFO 15 --- [main] Lennoxpros : Functional testing          : Method: fetchSignedInUser() is executed successfully............
2021-05-12 15:21:08.170  INFO 15 --- [main] Lennoxpros : Functional testing          : Starting to execute the method: buildProposal()............
2021-05-12 15:21:10.486  INFO 15 --- [main] Lennoxpros : Functional testing          : Method: buildProposal() is executed successfully............
2021-05-12 15:21:10.488  INFO 15 --- [main] Lennoxpros : Functional testing          : Method: welcomePage() is executed successfully............
2021-05-12 15:21:10.489  INFO 15 --- [main] Lennoxpros : Functional testing          : Starting to execute the method: leadsPage()............
2021-05-12 15:21:10.490  INFO 15 --- [main] Lennoxpros : Functional testing          : Starting to execute the method: hasItLoaded()............
2021-05-12 15:21:10.655  INFO 15 --- [main] Lennoxpros : Functional testing          : Method: hasItLoaded() is executed successfully............
2021-05-12 15:21:10.657  INFO 15 --- [main] Lennoxpros : Functional testing          : Starting to execute the method: addLead()............
2021-05-12 15:21:12.983  INFO 15 --- [main] Lennoxpros : Functional testing          : Method: addLead() is executed successfully............
2021-05-12 15:21:12.985  INFO 15 --- [main] Lennoxpros : Functional testing          : Method: leadsPage() is executed successfully............
2021-05-12 15:21:12.987  INFO 15 --- [main] Lennoxpros : Functional testing          : Starting to execute the method: addLeadsPage()............
2021-05-12 15:21:12.988  INFO 15 --- [main] Lennoxpros : Functional testing          : Starting to execute the method: hasItLoaded()............
2021-05-12 15:21:13.196  INFO 15 --- [main] Lennoxpros : Functional testing          : Method: hasItLoaded() is executed successfully............
2021-05-12 15:21:13.197  INFO 15 --- [main] Lennoxpros : Functional testing          : Starting to execute the method: saveAs()............
2021-05-12 15:21:13.198  INFO 15 --- [main] Lennoxpros : Functional testing          : Starting to execute the method: hasItLoaded()............
2021-05-12 15:21:13.394  INFO 15 --- [main] Lennoxpros : Functional testing          : Method: hasItLoaded() is executed successfully............
2021-05-12 15:21:13.395  INFO 15 --- [main] Lennoxpros : Functional testing          : Starting to execute the method: fillDetails()............
2021-05-12 15:21:13.879  INFO 15 --- [main] Lennoxpros : Functional testing          : Method: fillDetails() is executed successfully............
2021-05-12 15:21:13.880  INFO 15 --- [main] Lennoxpros : Functional testing          : Starting to execute the method: hasItLoaded()............
2021-05-12 15:21:14.087  INFO 15 --- [main] Lennoxpros : Functional testing          : Method: hasItLoaded() is executed successfully............
2021-05-12 15:21:14.088  INFO 15 --- [main] Lennoxpros : Functional testing          : Starting to execute the method: fillRequestDate()............
2021-05-12 15:21:15.822  INFO 15 --- [main] Lennoxpros : Functional testing          : Method: fillRequestDate() is executed successfully............
2021-05-12 15:21:15.825  INFO 15 --- [main] Lennoxpros : Functional testing          : Starting to execute the method: fillAppointmentDate()............
2021-05-12 15:21:17.233  INFO 15 --- [main] Lennoxpros : Functional testing          : Method: fillAppointmentDate() is executed successfully............
2021-05-12 15:21:17.235  INFO 15 --- [main] Lennoxpros : Functional testing          : Starting to execute the method: fillRequestTime()............
2021-05-12 15:21:17.494  INFO 15 --- [main] Lennoxpros : Functional testing          : Method: fillRequestTime() is executed successfully............
2021-05-12 15:21:17.496  INFO 15 --- [main] Lennoxpros : Functional testing          : Starting to execute the method: fillAppointmentTime()............
2021-05-12 15:21:17.667  INFO 15 --- [main] Lennoxpros : Functional testing          : Method: fillAppointmentTime() is executed successfully............
2021-05-12 15:21:17.668  INFO 15 --- [main] Lennoxpros : Functional testing          : Starting to execute the method: hasItLoaded()............
2021-05-12 15:21:17.874  INFO 15 --- [main] Lennoxpros : Functional testing          : Method: hasItLoaded() is executed successfully............
2021-05-12 15:21:17.875  INFO 15 --- [main] Lennoxpros : Functional testing          : Starting to execute the method: document()............
2021-05-12 15:21:18.491  INFO 15 --- [main] Lennoxpros : Functional testing          : Method: document() is executed successfully............
2021-05-12 15:21:18.492  INFO 15 --- [main] Lennoxpros : Functional testing          : Method: saveAs() is executed successfully............
2021-05-12 15:21:18.494  INFO 15 --- [main] Lennoxpros : Functional testing          : Starting to execute the method: saveLead()............
2021-05-12 15:21:33.686  INFO 15 --- [main] Lennoxpros : Functional testing          : Method: saveLead() is executed successfully............
2021-05-12 15:21:33.689  INFO 15 --- [main] Lennoxpros : Functional testing          : Starting to execute the method: saveAs()............
2021-05-12 15:21:33.850  INFO 15 --- [main] Lennoxpros : Functional testing          : Method: saveAs() is executed successfully............
2021-05-12 15:21:33.851  INFO 15 --- [main] Lennoxpros : Functional testing          : Starting to execute the method: goToWelcomePage()............
2021-05-12 15:21:35.623  INFO 15 --- [main] Lennoxpros : Functional testing          : Method: goToWelcomePage() is executed successfully............
2021-05-12 15:21:35.624  INFO 15 --- [main] Lennoxpros : Functional testing          : Method: addLeadsPage() is executed successfully............
2021-05-12 15:21:35.625  INFO 15 --- [main] Lennoxpros : Functional testing          : Starting to execute the method: welcomePage()............
2021-05-12 15:21:35.627  INFO 15 --- [main] Lennoxpros : Functional testing          : Starting to execute the method: logOut()............
2021-05-12 15:21:40.771  INFO 15 --- [main] Lennoxpros : Functional testing          : Method: logOut() is executed successfully............
2021-05-12 15:21:40.774  INFO 15 --- [main] Lennoxpros : Functional testing          : Method: welcomePage() is executed successfully............
2021-05-12 15:21:40.787  INFO 15 --- [main] Lennoxpros : Functional testing          : Starting to execute the method: writeContents()............
2021-05-12 15:21:40.961  INFO 15 --- [main] Lennoxpros : Functional testing          : Method: writeContents() is executed successfully............
2021-05-12 15:21:40.973  INFO 15 --- [main] Lennoxpros : Functional testing          : Starting to execute the method: createChildTestCase()............
2021-05-12 15:21:40.975  INFO 15 --- [main] Lennoxpros : Functional testing          : Method: createChildTestCase() is executed successfully............
2021-05-12 15:21:40.978  INFO 15 --- [main] Lennoxpros : Functional testing          : Starting to execute the method: homePage()............
2021-05-12 15:21:40.981  INFO 15 --- [main] Lennoxpros : Functional testing          : Starting to execute the method: launchWebsite()............
2021-05-12 15:21:42.871  INFO 15 --- [main] Lennoxpros : Functional testing          : Method: launchWebsite() is executed successfully............
2021-05-12 15:21:42.874  INFO 15 --- [main] Lennoxpros : Functional testing          : Starting to execute the method: hasItLoaded()............
2021-05-12 15:21:42.956  INFO 15 --- [main] Lennoxpros : Functional testing          : Method: hasItLoaded() is executed successfully............
2021-05-12 15:21:42.957  INFO 15 --- [main] Lennoxpros : Functional testing          : Starting to execute the method: goToSignInPage()............
2021-05-12 15:21:46.432  INFO 15 --- [main] Lennoxpros : Functional testing          : Method: goToSignInPage() is executed successfully............
2021-05-12 15:21:46.434  INFO 15 --- [main] Lennoxpros : Functional testing          : Method: homePage() is executed successfully............
2021-05-12 15:21:46.435  INFO 15 --- [main] Lennoxpros : Functional testing          : Starting to execute the method: signInPage()............
2021-05-12 15:21:46.436  INFO 15 --- [main] Lennoxpros : Functional testing          : Starting to execute the method: hasItLoaded()............
2021-05-12 15:21:46.796  INFO 15 --- [main] Lennoxpros : Functional testing          : Method: hasItLoaded() is executed successfully............
2021-05-12 15:21:46.798  INFO 15 --- [main] Lennoxpros : Functional testing          : Starting to execute the method: logIn()............
2021-05-12 15:21:48.970  INFO 15 --- [main] Lennoxpros : Functional testing          : Method: logIn() is executed successfully............
2021-05-12 15:21:48.972  INFO 15 --- [main] Lennoxpros : Functional testing          : Method: signInPage() is executed successfully............
2021-05-12 15:21:48.973  INFO 15 --- [main] Lennoxpros : Functional testing          : Starting to execute the method: welcomePage()............
2021-05-12 15:21:48.976  INFO 15 --- [main] Lennoxpros : Functional testing          : Starting to execute the method: hasItLoaded()............
2021-05-12 15:21:50.920  INFO 15 --- [main] Lennoxpros : Functional testing          : Method: hasItLoaded() is executed successfully............
2021-05-12 15:21:50.922  INFO 15 --- [main] Lennoxpros : Functional testing          : Starting to execute the method: fetchSignedInUser()............
2021-05-12 15:21:50.971  INFO 15 --- [main] Lennoxpros : Functional testing          : Method: fetchSignedInUser() is executed successfully............
2021-05-12 15:21:50.972  INFO 15 --- [main] Lennoxpros : Functional testing          : Starting to execute the method: fetchSignedInUser()............
2021-05-12 15:21:51.004  INFO 15 --- [main] Lennoxpros : Functional testing          : Method: fetchSignedInUser() is executed successfully............
2021-05-12 15:21:51.006  INFO 15 --- [main] Lennoxpros : Functional testing          : Starting to execute the method: buildProposal()............
2021-05-12 15:21:53.406  INFO 15 --- [main] Lennoxpros : Functional testing          : Method: buildProposal() is executed successfully............
2021-05-12 15:21:53.408  INFO 15 --- [main] Lennoxpros : Functional testing          : Method: welcomePage() is executed successfully............
2021-05-12 15:21:53.409  INFO 15 --- [main] Lennoxpros : Functional testing          : Starting to execute the method: leadsPage()............
2021-05-12 15:21:53.410  INFO 15 --- [main] Lennoxpros : Functional testing          : Starting to execute the method: hasItLoaded()............
2021-05-12 15:21:53.585  INFO 15 --- [main] Lennoxpros : Functional testing          : Method: hasItLoaded() is executed successfully............
2021-05-12 15:21:53.587  INFO 15 --- [main] Lennoxpros : Functional testing          : Starting to execute the method: addLead()............
2021-05-12 15:21:55.877  INFO 15 --- [main] Lennoxpros : Functional testing          : Method: addLead() is executed successfully............
2021-05-12 15:21:55.879  INFO 15 --- [main] Lennoxpros : Functional testing          : Method: leadsPage() is executed successfully............
2021-05-12 15:21:55.882  INFO 15 --- [main] Lennoxpros : Functional testing          : Starting to execute the method: addLeadsPage()............
2021-05-12 15:21:55.884  INFO 15 --- [main] Lennoxpros : Functional testing          : Starting to execute the method: hasItLoaded()............
2021-05-12 15:21:56.076  INFO 15 --- [main] Lennoxpros : Functional testing          : Method: hasItLoaded() is executed successfully............
2021-05-12 15:21:56.077  INFO 15 --- [main] Lennoxpros : Functional testing          : Starting to execute the method: saveAs()............
2021-05-12 15:21:56.078  INFO 15 --- [main] Lennoxpros : Functional testing          : Starting to execute the method: hasItLoaded()............
2021-05-12 15:21:56.263  INFO 15 --- [main] Lennoxpros : Functional testing          : Method: hasItLoaded() is executed successfully............
2021-05-12 15:21:56.265  INFO 15 --- [main] Lennoxpros : Functional testing          : Starting to execute the method: fillDetails()............
2021-05-12 15:21:56.746  INFO 15 --- [main] Lennoxpros : Functional testing          : Method: fillDetails() is executed successfully............
2021-05-12 15:21:56.748  INFO 15 --- [main] Lennoxpros : Functional testing          : Starting to execute the method: hasItLoaded()............
2021-05-12 15:21:56.934  INFO 15 --- [main] Lennoxpros : Functional testing          : Method: hasItLoaded() is executed successfully............
2021-05-12 15:21:56.935  INFO 15 --- [main] Lennoxpros : Functional testing          : Starting to execute the method: fillRequestDate()............
2021-05-12 15:21:58.324  INFO 15 --- [main] Lennoxpros : Functional testing          : Method: fillRequestDate() is executed successfully............
2021-05-12 15:21:58.326  INFO 15 --- [main] Lennoxpros : Functional testing          : Starting to execute the method: fillAppointmentDate()............
2021-05-12 15:21:59.617  INFO 15 --- [main] Lennoxpros : Functional testing          : Method: fillAppointmentDate() is executed successfully............
2021-05-12 15:21:59.619  INFO 15 --- [main] Lennoxpros : Functional testing          : Starting to execute the method: fillRequestTime()............
2021-05-12 15:21:59.800  INFO 15 --- [main] Lennoxpros : Functional testing          : Method: fillRequestTime() is executed successfully............
2021-05-12 15:21:59.802  INFO 15 --- [main] Lennoxpros : Functional testing          : Starting to execute the method: fillAppointmentTime()............
2021-05-12 15:21:59.974  INFO 15 --- [main] Lennoxpros : Functional testing          : Method: fillAppointmentTime() is executed successfully............
2021-05-12 15:21:59.976  INFO 15 --- [main] Lennoxpros : Functional testing          : Starting to execute the method: hasItLoaded()............
2021-05-12 15:22:00.151  INFO 15 --- [main] Lennoxpros : Functional testing          : Method: hasItLoaded() is executed successfully............
2021-05-12 15:22:00.152  INFO 15 --- [main] Lennoxpros : Functional testing          : Starting to execute the method: image()............
2021-05-12 15:22:00.302  INFO 15 --- [main] Lennoxpros : Functional testing          : Method: image() is executed successfully............
2021-05-12 15:22:00.303  INFO 15 --- [main] Lennoxpros : Functional testing          : Method: saveAs() is executed successfully............
2021-05-12 15:22:00.305  INFO 15 --- [main] Lennoxpros : Functional testing          : Starting to execute the method: saveLead()............
2021-05-12 15:22:15.487  INFO 15 --- [main] Lennoxpros : Functional testing          : Method: saveLead() is executed successfully............
2021-05-12 15:22:15.490  INFO 15 --- [main] Lennoxpros : Functional testing          : Starting to execute the method: saveAs()............
2021-05-12 15:22:15.634  INFO 15 --- [main] Lennoxpros : Functional testing          : Method: saveAs() is executed successfully............
2021-05-12 15:22:15.636  INFO 15 --- [main] Lennoxpros : Functional testing          : Starting to execute the method: goToWelcomePage()............
2021-05-12 15:22:16.837  INFO 15 --- [main] Lennoxpros : Functional testing          : Method: goToWelcomePage() is executed successfully............
2021-05-12 15:22:16.838  INFO 15 --- [main] Lennoxpros : Functional testing          : Method: addLeadsPage() is executed successfully............
2021-05-12 15:22:16.840  INFO 15 --- [main] Lennoxpros : Functional testing          : Starting to execute the method: welcomePage()............
2021-05-12 15:22:16.842  INFO 15 --- [main] Lennoxpros : Functional testing          : Starting to execute the method: logOut()............
2021-05-12 15:22:22.002  INFO 15 --- [main] Lennoxpros : Functional testing          : Method: logOut() is executed successfully............
2021-05-12 15:22:22.004  INFO 15 --- [main] Lennoxpros : Functional testing          : Method: welcomePage() is executed successfully............
2021-05-12 15:22:22.011  INFO 15 --- [main] Lennoxpros : Functional testing          : Starting to execute the method: writeContents()............
2021-05-12 15:22:22.203  INFO 15 --- [main] Lennoxpros : Functional testing          : Method: writeContents() is executed successfully............
