2021-04-29 17:15:43.834  INFO 17948 --- [main] c.l.lennoxpros.testcases.TestLead        : Starting TestLead using Java 11.0.8 on CTLT095 with PID 17948 (C:\Passion\myProjects\lennoxpros\target\test-classes started by mvinoth in C:\Passion\myProjects\lennoxpros)
2021-04-29 17:15:43.836  INFO 17948 --- [main] c.l.lennoxpros.testcases.TestLead        : The following profiles are active: local
2021-04-29 17:15:44.534  INFO 17948 --- [main] .s.d.r.c.RepositoryConfigurationDelegate : Bootstrapping Spring Data JPA repositories in DEFAULT mode.
2021-04-29 17:15:44.563  INFO 17948 --- [main] .s.d.r.c.RepositoryConfigurationDelegate : Finished Spring Data repository scanning in 19 ms. Found 0 JPA repository interfaces.
2021-04-29 17:15:45.396  INFO 17948 --- [main] com.zaxxer.hikari.HikariDataSource       : HikariPool-1 - Starting...
2021-04-29 17:15:45.606  INFO 17948 --- [main] com.zaxxer.hikari.HikariDataSource       : HikariPool-1 - Start completed.
2021-04-29 17:15:45.699  INFO 17948 --- [main] o.hibernate.jpa.internal.util.LogHelper  : HHH000204: Processing PersistenceUnitInfo [name: default]
2021-04-29 17:15:45.769  INFO 17948 --- [main] org.hibernate.Version                    : HHH000412: Hibernate ORM core version 5.4.30.Final
2021-04-29 17:15:45.974  INFO 17948 --- [main] o.hibernate.annotations.common.Version   : HCANN000001: Hibernate Commons Annotations {5.1.2.Final}
2021-04-29 17:15:46.130  INFO 17948 --- [main] org.hibernate.dialect.Dialect            : HHH000400: Using dialect: org.hibernate.dialect.H2Dialect
2021-04-29 17:15:46.371  INFO 17948 --- [main] o.h.e.t.j.p.i.JtaPlatformInitiator       : HHH000490: Using JtaPlatform implementation: [org.hibernate.engine.transaction.jta.platform.internal.NoJtaPlatform]
2021-04-29 17:15:46.382  INFO 17948 --- [main] j.LocalContainerEntityManagerFactoryBean : Initialized JPA EntityManagerFactory for persistence unit 'default'
2021-04-29 17:15:46.747  WARN 17948 --- [main] JpaBaseConfiguration$JpaWebConfiguration : spring.jpa.open-in-view is enabled by default. Therefore, database queries may be performed during view rendering. Explicitly configure spring.jpa.open-in-view to disable this warning
2021-04-29 17:15:47.036  INFO 17948 --- [main] o.s.s.concurrent.ThreadPoolTaskExecutor  : Initializing ExecutorService 'applicationTaskExecutor'
2021-04-29 17:15:47.677  INFO 17948 --- [main] c.l.lennoxpros.testcases.TestLead        : Started TestLead in 4.168 seconds (JVM running for 5.636)
2021-04-29 17:15:47.685  INFO 17948 --- [main] o.s.b.a.ApplicationAvailabilityBean      : Application availability state LivenessState changed to CORRECT
2021-04-29 17:15:47.689  INFO 17948 --- [main] o.s.b.a.ApplicationAvailabilityBean      : Application availability state ReadinessState changed to ACCEPTING_TRAFFIC
2021-04-29 17:15:49.175 ERROR 17948 --- [main] i.g.bonigarcia.wdm.online.HttpClient     : Error HTTP 404 executing https://chromedriver.storage.googleapis.com/LATEST_RELEASE_90.0.4430.85
2021-04-29 17:15:49.176  WARN 17948 --- [main] i.g.b.wdm.versions.VersionDetector       : Exception reading https://chromedriver.storage.googleapis.com/LATEST_RELEASE_90.0.4430.85 to get latest version of chromedriver (Error HTTP 404 executing https://chromedriver.storage.googleapis.com/LATEST_RELEASE_90.0.4430.85)
2021-04-29 17:17:13.247  WARN 17948 --- [main] i.g.b.wdm.versions.VersionDetector       : Error reading version.properties, using local instead
2021-04-29 17:17:13.418  INFO 17948 --- [main] i.g.bonigarcia.wdm.WebDriverManager      : Exporting webdriver.chrome.driver as C:\Users\mvinoth\.m2\repository\webdriver\chromedriver\win32\90.0.4430.24\chromedriver.exe
2021-04-29 17:17:14.813  INFO 17948 --- [Forwarding newSession on session null to remote] o.o.selenium.remote.ProtocolHandshake    : Detected dialect: W3C
2021-04-29 17:17:15.171  INFO 17948 --- [main] Lennoxpros : Functional testing          : Starting to execute the method: createTestCase()............
2021-04-29 17:17:15.184  INFO 17948 --- [main] Lennoxpros : Functional testing          : Method: createTestCase() is executed successfully............
2021-04-29 17:17:15.713  INFO 17948 --- [main] Lennoxpros : Functional testing          : Starting to execute the method: createChildTestCase()............
2021-04-29 17:17:15.714  INFO 17948 --- [main] Lennoxpros : Functional testing          : Method: createChildTestCase() is executed successfully............
2021-04-29 17:17:15.717  INFO 17948 --- [main] Lennoxpros : Functional testing          : Starting to execute the method: homePage()............
2021-04-29 17:17:15.725  INFO 17948 --- [main] Lennoxpros : Functional testing          : Starting to execute the method: launchWebsite()............
2021-04-29 17:17:21.461  INFO 17948 --- [main] Lennoxpros : Functional testing          : Method: launchWebsite() is executed successfully............
2021-04-29 17:17:21.462  INFO 17948 --- [main] Lennoxpros : Functional testing          : Starting to execute the method: hasItLoaded()............
2021-04-29 17:17:21.552  INFO 17948 --- [main] Lennoxpros : Functional testing          : Method: hasItLoaded() is executed successfully............
2021-04-29 17:17:21.552  INFO 17948 --- [main] Lennoxpros : Functional testing          : Starting to execute the method: goToSignInPage()............
2021-04-29 17:17:25.062  INFO 17948 --- [main] Lennoxpros : Functional testing          : Method: goToSignInPage() is executed successfully............
2021-04-29 17:17:25.069  INFO 17948 --- [main] Lennoxpros : Functional testing          : Method: homePage() is executed successfully............
2021-04-29 17:17:25.071  INFO 17948 --- [main] Lennoxpros : Functional testing          : Starting to execute the method: signInPage()............
2021-04-29 17:17:25.073  INFO 17948 --- [main] Lennoxpros : Functional testing          : Starting to execute the method: hasItLoaded()............
2021-04-29 17:17:25.328  INFO 17948 --- [main] Lennoxpros : Functional testing          : Method: hasItLoaded() is executed successfully............
2021-04-29 17:17:25.328  INFO 17948 --- [main] Lennoxpros : Functional testing          : Starting to execute the method: logIn()............
2021-04-29 17:17:27.523  INFO 17948 --- [main] Lennoxpros : Functional testing          : Method: logIn() is executed successfully............
2021-04-29 17:17:27.524  INFO 17948 --- [main] Lennoxpros : Functional testing          : Method: signInPage() is executed successfully............
2021-04-29 17:17:27.525  INFO 17948 --- [main] Lennoxpros : Functional testing          : Starting to execute the method: welcomePage()............
2021-04-29 17:17:27.527  INFO 17948 --- [main] Lennoxpros : Functional testing          : Starting to execute the method: hasItLoaded()............
2021-04-29 17:17:29.937  INFO 17948 --- [main] Lennoxpros : Functional testing          : Method: hasItLoaded() is executed successfully............
2021-04-29 17:17:29.938  INFO 17948 --- [main] Lennoxpros : Functional testing          : Starting to execute the method: fetchSignedInUser()............
2021-04-29 17:17:29.962  INFO 17948 --- [main] Lennoxpros : Functional testing          : Method: fetchSignedInUser() is executed successfully............
2021-04-29 17:17:29.963  INFO 17948 --- [main] Lennoxpros : Functional testing          : Starting to execute the method: fetchSignedInUser()............
2021-04-29 17:17:29.988  INFO 17948 --- [main] Lennoxpros : Functional testing          : Method: fetchSignedInUser() is executed successfully............
2021-04-29 17:17:29.989  INFO 17948 --- [main] Lennoxpros : Functional testing          : Starting to execute the method: buildProposal()............
2021-04-29 17:17:35.595  INFO 17948 --- [main] Lennoxpros : Functional testing          : Method: buildProposal() is executed successfully............
2021-04-29 17:17:35.596  INFO 17948 --- [main] Lennoxpros : Functional testing          : Method: welcomePage() is executed successfully............
2021-04-29 17:17:35.599  INFO 17948 --- [main] Lennoxpros : Functional testing          : Starting to execute the method: leadsPage()............
2021-04-29 17:17:35.601  INFO 17948 --- [main] Lennoxpros : Functional testing          : Starting to execute the method: hasItLoaded()............
2021-04-29 17:17:35.745  INFO 17948 --- [main] Lennoxpros : Functional testing          : Method: hasItLoaded() is executed successfully............
2021-04-29 17:17:35.745  INFO 17948 --- [main] Lennoxpros : Functional testing          : Starting to execute the method: addLead()............
2021-04-29 17:17:38.267  INFO 17948 --- [main] Lennoxpros : Functional testing          : Method: addLead() is executed successfully............
2021-04-29 17:17:38.268  INFO 17948 --- [main] Lennoxpros : Functional testing          : Method: leadsPage() is executed successfully............
2021-04-29 17:17:38.270  INFO 17948 --- [main] Lennoxpros : Functional testing          : Starting to execute the method: addLeadsPage()............
2021-04-29 17:17:38.271  INFO 17948 --- [main] Lennoxpros : Functional testing          : Starting to execute the method: hasItLoaded()............
2021-04-29 17:17:38.433  INFO 17948 --- [main] Lennoxpros : Functional testing          : Method: hasItLoaded() is executed successfully............
2021-04-29 17:17:38.434  INFO 17948 --- [main] Lennoxpros : Functional testing          : Starting to execute the method: fillUerDetails()............
2021-04-29 17:17:38.898  INFO 17948 --- [main] Lennoxpros : Functional testing          : Method: fillUerDetails() is executed successfully............
2021-04-29 17:17:38.899  INFO 17948 --- [main] Lennoxpros : Functional testing          : Starting to execute the method: fillRequestDate()............
2021-04-29 17:17:39.609  INFO 17948 --- [main] Lennoxpros : Functional testing          : Method: fillRequestDate() is executed successfully............
2021-04-29 17:17:39.610  INFO 17948 --- [main] Lennoxpros : Functional testing          : Starting to execute the method: fillAppointmentDate()............
2021-04-29 17:17:40.141  INFO 17948 --- [main] Lennoxpros : Functional testing          : Method: fillAppointmentDate() is executed successfully............
2021-04-29 17:17:40.141  INFO 17948 --- [main] Lennoxpros : Functional testing          : Starting to execute the method: fillRequestTime()............
2021-04-29 17:17:40.297  INFO 17948 --- [main] Lennoxpros : Functional testing          : Method: fillRequestTime() is executed successfully............
2021-04-29 17:17:40.297  INFO 17948 --- [main] Lennoxpros : Functional testing          : Starting to execute the method: fillAppointmentTime()............
2021-04-29 17:17:40.427  INFO 17948 --- [main] Lennoxpros : Functional testing          : Method: fillAppointmentTime() is executed successfully............
2021-04-29 17:17:40.428  INFO 17948 --- [main] Lennoxpros : Functional testing          : Starting to execute the method: uploadDocument()............
2021-04-29 17:17:40.844  INFO 17948 --- [main] Lennoxpros : Functional testing          : Method: uploadDocument() is executed successfully............
2021-04-29 17:17:40.845  INFO 17948 --- [main] Lennoxpros : Functional testing          : Starting to execute the method: saveLead()............
2021-04-29 17:18:00.157  INFO 17948 --- [main] Lennoxpros : Functional testing          : Method: saveLead() is executed successfully............
2021-04-29 17:18:00.166  INFO 17948 --- [main] Lennoxpros : Functional testing          : Starting to execute the method: saveAs()............
2021-04-29 17:18:00.349  INFO 17948 --- [main] Lennoxpros : Functional testing          : Method: saveAs() is executed successfully............
2021-04-29 17:18:00.351  INFO 17948 --- [main] Lennoxpros : Functional testing          : Starting to execute the method: goToWelcomePage()............
2021-04-29 17:18:02.157  INFO 17948 --- [main] Lennoxpros : Functional testing          : Method: goToWelcomePage() is executed successfully............
2021-04-29 17:18:02.158  INFO 17948 --- [main] Lennoxpros : Functional testing          : Method: addLeadsPage() is executed successfully............
2021-04-29 17:18:02.160  INFO 17948 --- [main] Lennoxpros : Functional testing          : Starting to execute the method: welcomePage()............
2021-04-29 17:18:02.161  INFO 17948 --- [main] Lennoxpros : Functional testing          : Starting to execute the method: logOut()............
2021-04-29 17:18:07.305  INFO 17948 --- [main] Lennoxpros : Functional testing          : Method: logOut() is executed successfully............
2021-04-29 17:18:07.306  INFO 17948 --- [main] Lennoxpros : Functional testing          : Method: welcomePage() is executed successfully............
2021-04-29 17:18:07.317  INFO 17948 --- [main] Lennoxpros : Functional testing          : Starting to execute the method: writeContents()............
2021-04-29 17:18:07.608  INFO 17948 --- [main] Lennoxpros : Functional testing          : Method: writeContents() is executed successfully............
2021-04-29 17:18:07.614  INFO 17948 --- [main] Lennoxpros : Functional testing          : Starting to execute the method: createChildTestCase()............
2021-04-29 17:18:07.614  INFO 17948 --- [main] Lennoxpros : Functional testing          : Method: createChildTestCase() is executed successfully............
2021-04-29 17:18:07.615  INFO 17948 --- [main] Lennoxpros : Functional testing          : Starting to execute the method: homePage()............
2021-04-29 17:18:07.615  INFO 17948 --- [main] Lennoxpros : Functional testing          : Starting to execute the method: launchWebsite()............
2021-04-29 17:18:09.234  INFO 17948 --- [main] Lennoxpros : Functional testing          : Method: launchWebsite() is executed successfully............
2021-04-29 17:18:09.234  INFO 17948 --- [main] Lennoxpros : Functional testing          : Starting to execute the method: hasItLoaded()............
2021-04-29 17:18:09.306  INFO 17948 --- [main] Lennoxpros : Functional testing          : Method: hasItLoaded() is executed successfully............
2021-04-29 17:18:09.306  INFO 17948 --- [main] Lennoxpros : Functional testing          : Starting to execute the method: goToSignInPage()............
2021-04-29 17:18:11.826  INFO 17948 --- [main] Lennoxpros : Functional testing          : Method: goToSignInPage() is executed successfully............
2021-04-29 17:18:11.827  INFO 17948 --- [main] Lennoxpros : Functional testing          : Method: homePage() is executed successfully............
2021-04-29 17:18:11.828  INFO 17948 --- [main] Lennoxpros : Functional testing          : Starting to execute the method: signInPage()............
2021-04-29 17:18:11.828  INFO 17948 --- [main] Lennoxpros : Functional testing          : Starting to execute the method: hasItLoaded()............
2021-04-29 17:18:12.090  INFO 17948 --- [main] Lennoxpros : Functional testing          : Method: hasItLoaded() is executed successfully............
2021-04-29 17:18:12.090  INFO 17948 --- [main] Lennoxpros : Functional testing          : Starting to execute the method: logIn()............
2021-04-29 17:18:13.742  INFO 17948 --- [main] Lennoxpros : Functional testing          : Method: logIn() is executed successfully............
2021-04-29 17:18:13.745  INFO 17948 --- [main] Lennoxpros : Functional testing          : Method: signInPage() is executed successfully............
2021-04-29 17:18:13.745  INFO 17948 --- [main] Lennoxpros : Functional testing          : Starting to execute the method: welcomePage()............
2021-04-29 17:18:13.746  INFO 17948 --- [main] Lennoxpros : Functional testing          : Starting to execute the method: hasItLoaded()............
2021-04-29 17:18:15.633  INFO 17948 --- [main] Lennoxpros : Functional testing          : Method: hasItLoaded() is executed successfully............
2021-04-29 17:18:15.633  INFO 17948 --- [main] Lennoxpros : Functional testing          : Starting to execute the method: fetchSignedInUser()............
2021-04-29 17:18:15.653  INFO 17948 --- [main] Lennoxpros : Functional testing          : Method: fetchSignedInUser() is executed successfully............
2021-04-29 17:18:15.654  INFO 17948 --- [main] Lennoxpros : Functional testing          : Starting to execute the method: fetchSignedInUser()............
2021-04-29 17:18:15.681  INFO 17948 --- [main] Lennoxpros : Functional testing          : Method: fetchSignedInUser() is executed successfully............
2021-04-29 17:18:15.682  INFO 17948 --- [main] Lennoxpros : Functional testing          : Starting to execute the method: buildProposal()............
2021-04-29 17:18:17.921  INFO 17948 --- [main] Lennoxpros : Functional testing          : Method: buildProposal() is executed successfully............
2021-04-29 17:18:17.922  INFO 17948 --- [main] Lennoxpros : Functional testing          : Method: welcomePage() is executed successfully............
2021-04-29 17:18:17.922  INFO 17948 --- [main] Lennoxpros : Functional testing          : Starting to execute the method: leadsPage()............
2021-04-29 17:18:17.922  INFO 17948 --- [main] Lennoxpros : Functional testing          : Starting to execute the method: hasItLoaded()............
2021-04-29 17:18:18.062  INFO 17948 --- [main] Lennoxpros : Functional testing          : Method: hasItLoaded() is executed successfully............
2021-04-29 17:18:18.063  INFO 17948 --- [main] Lennoxpros : Functional testing          : Starting to execute the method: addLead()............
2021-04-29 17:18:20.817  INFO 17948 --- [main] Lennoxpros : Functional testing          : Method: addLead() is executed successfully............
2021-04-29 17:18:20.817  INFO 17948 --- [main] Lennoxpros : Functional testing          : Method: leadsPage() is executed successfully............
2021-04-29 17:18:20.818  INFO 17948 --- [main] Lennoxpros : Functional testing          : Starting to execute the method: addLeadsPage()............
2021-04-29 17:18:20.818  INFO 17948 --- [main] Lennoxpros : Functional testing          : Starting to execute the method: hasItLoaded()............
2021-04-29 17:18:20.968  INFO 17948 --- [main] Lennoxpros : Functional testing          : Method: hasItLoaded() is executed successfully............
2021-04-29 17:18:20.968  INFO 17948 --- [main] Lennoxpros : Functional testing          : Starting to execute the method: fillUerDetails()............
2021-04-29 17:18:21.425  INFO 17948 --- [main] Lennoxpros : Functional testing          : Method: fillUerDetails() is executed successfully............
2021-04-29 17:18:21.426  INFO 17948 --- [main] Lennoxpros : Functional testing          : Starting to execute the method: fillRequestDate()............
2021-04-29 17:18:22.133  INFO 17948 --- [main] Lennoxpros : Functional testing          : Method: fillRequestDate() is executed successfully............
2021-04-29 17:18:22.134  INFO 17948 --- [main] Lennoxpros : Functional testing          : Starting to execute the method: fillAppointmentDate()............
2021-04-29 17:18:22.673  INFO 17948 --- [main] Lennoxpros : Functional testing          : Method: fillAppointmentDate() is executed successfully............
2021-04-29 17:18:22.673  INFO 17948 --- [main] Lennoxpros : Functional testing          : Starting to execute the method: fillRequestTime()............
2021-04-29 17:18:22.805  INFO 17948 --- [main] Lennoxpros : Functional testing          : Method: fillRequestTime() is executed successfully............
2021-04-29 17:18:22.806  INFO 17948 --- [main] Lennoxpros : Functional testing          : Starting to execute the method: fillAppointmentTime()............
2021-04-29 17:18:22.940  INFO 17948 --- [main] Lennoxpros : Functional testing          : Method: fillAppointmentTime() is executed successfully............
2021-04-29 17:18:22.941  INFO 17948 --- [main] Lennoxpros : Functional testing          : Starting to execute the method: uploadImage()............
2021-04-29 17:18:23.018  INFO 17948 --- [main] Lennoxpros : Functional testing          : Method: uploadImage() is executed successfully............
2021-04-29 17:18:23.018  INFO 17948 --- [main] Lennoxpros : Functional testing          : Starting to execute the method: saveLead()............
2021-04-29 17:18:38.195  INFO 17948 --- [main] Lennoxpros : Functional testing          : Method: saveLead() is executed successfully............
2021-04-29 17:18:38.196  INFO 17948 --- [main] Lennoxpros : Functional testing          : Starting to execute the method: saveAs()............
2021-04-29 17:18:38.355  INFO 17948 --- [main] Lennoxpros : Functional testing          : Method: saveAs() is executed successfully............
2021-04-29 17:18:38.356  INFO 17948 --- [main] Lennoxpros : Functional testing          : Starting to execute the method: goToWelcomePage()............
2021-04-29 17:18:40.002  INFO 17948 --- [main] Lennoxpros : Functional testing          : Method: goToWelcomePage() is executed successfully............
2021-04-29 17:18:40.002  INFO 17948 --- [main] Lennoxpros : Functional testing          : Method: addLeadsPage() is executed successfully............
2021-04-29 17:18:40.002  INFO 17948 --- [main] Lennoxpros : Functional testing          : Starting to execute the method: welcomePage()............
2021-04-29 17:18:40.002  INFO 17948 --- [main] Lennoxpros : Functional testing          : Starting to execute the method: logOut()............
2021-04-29 17:18:45.113  INFO 17948 --- [main] Lennoxpros : Functional testing          : Method: logOut() is executed successfully............
2021-04-29 17:18:45.113  INFO 17948 --- [main] Lennoxpros : Functional testing          : Method: welcomePage() is executed successfully............
2021-04-29 17:18:45.114  INFO 17948 --- [main] Lennoxpros : Functional testing          : Starting to execute the method: writeContents()............
2021-04-29 17:18:45.143  INFO 17948 --- [main] Lennoxpros : Functional testing          : Method: writeContents() is executed successfully............
